生成启动时间为 2016/6/5 23:59:39。
     1>项目“D:\bsp_editor\mini_hammer\mini_hammer\mini_hammer.vcxproj”在节点 2 上(build 个目标)。
     1>InitializeBuildStatus:
         正在创建“Debug\mini_hammer.unsuccessfulbuild”，因为已指定“AlwaysCreate”。
       ClCompile:
         所有输出均为最新。
         所有输出均为最新。
       ResourceCompile:
         所有输出均为最新。
       ManifestResourceCompile:
         所有输出均为最新。
       Link:
         所有输出均为最新。
       Manifest:
         所有输出均为最新。
       PostBuildEvent:
         xcopy /Y /Q "D:\bsp_editor\mini_hammer\Debug\mini_hammer.exe" "../../workplace"
         :VCEnd
         复制了 1 个文件
       FinalizeBuildStatus:
         正在删除文件“Debug\mini_hammer.unsuccessfulbuild”。
         正在对“Debug\mini_hammer.lastbuildstate”执行 Touch 任务。
     1>已完成生成项目“D:\bsp_editor\mini_hammer\mini_hammer\mini_hammer.vcxproj”(build 个目标)的操作。

生成成功。

已用时间 00:00:00.46
