D:\MINI_HAMMER-MASTER\MINI_HAMMER-MASTER\MINI_HAMMER\DEBUG\MINI_HAMMER.EXE
D:\MINI_HAMMER-MASTER\MINI_HAMMER-MASTER\MINI_HAMMER\DEBUG\MINI_HAMMER.ILK
D:\MINI_HAMMER-MASTER\MINI_HAMMER-MASTER\MINI_HAMMER\DEBUG\MINI_HAMMER.PDB
D:\MINI_HAMMER-MASTER\MINI_HAMMER-MASTER\MINI_HAMMER\MINI_HAMMER\DEBUG\APPDELEGATE.OBJ
D:\MINI_HAMMER-MASTER\MINI_HAMMER-MASTER\MINI_HAMMER\MINI_HAMMER\DEBUG\BSPCOMPILER.OBJ
D:\mini_hammer-master\mini_hammer-master\mini_hammer\mini_hammer\Debug\cl.command.1.tlog
D:\mini_hammer-master\mini_hammer-master\mini_hammer\mini_hammer\Debug\CL.read.1.tlog
D:\mini_hammer-master\mini_hammer-master\mini_hammer\mini_hammer\Debug\CL.write.1.tlog
D:\MINI_HAMMER-MASTER\MINI_HAMMER-MASTER\MINI_HAMMER\MINI_HAMMER\DEBUG\GAMELAYER.OBJ
D:\mini_hammer-master\mini_hammer-master\mini_hammer\mini_hammer\Debug\link.2908.read.1.tlog
D:\mini_hammer-master\mini_hammer-master\mini_hammer\mini_hammer\Debug\link.2908.write.1.tlog
D:\mini_hammer-master\mini_hammer-master\mini_hammer\mini_hammer\Debug\link.2908-cvtres.read.1.tlog
D:\mini_hammer-master\mini_hammer-master\mini_hammer\mini_hammer\Debug\link.2908-cvtres.write.1.tlog
D:\mini_hammer-master\mini_hammer-master\mini_hammer\mini_hammer\Debug\link.7708.read.1.tlog
D:\mini_hammer-master\mini_hammer-master\mini_hammer\mini_hammer\Debug\link.7708.write.1.tlog
D:\mini_hammer-master\mini_hammer-master\mini_hammer\mini_hammer\Debug\link.7708-cvtres.read.1.tlog
D:\mini_hammer-master\mini_hammer-master\mini_hammer\mini_hammer\Debug\link.7708-cvtres.write.1.tlog
D:\mini_hammer-master\mini_hammer-master\mini_hammer\mini_hammer\Debug\link.8028.read.1.tlog
D:\mini_hammer-master\mini_hammer-master\mini_hammer\mini_hammer\Debug\link.8028.write.1.tlog
D:\mini_hammer-master\mini_hammer-master\mini_hammer\mini_hammer\Debug\link.8028-cvtres.read.1.tlog
D:\mini_hammer-master\mini_hammer-master\mini_hammer\mini_hammer\Debug\link.8028-cvtres.write.1.tlog
D:\mini_hammer-master\mini_hammer-master\mini_hammer\mini_hammer\Debug\link.8584.read.1.tlog
D:\mini_hammer-master\mini_hammer-master\mini_hammer\mini_hammer\Debug\link.8584.write.1.tlog
D:\mini_hammer-master\mini_hammer-master\mini_hammer\mini_hammer\Debug\link.8584-cvtres.read.1.tlog
D:\mini_hammer-master\mini_hammer-master\mini_hammer\mini_hammer\Debug\link.8584-cvtres.write.1.tlog
D:\mini_hammer-master\mini_hammer-master\mini_hammer\mini_hammer\Debug\link.command.1.tlog
D:\mini_hammer-master\mini_hammer-master\mini_hammer\mini_hammer\Debug\link.read.1.tlog
D:\mini_hammer-master\mini_hammer-master\mini_hammer\mini_hammer\Debug\link.write.1.tlog
D:\mini_hammer-master\mini_hammer-master\mini_hammer\mini_hammer\Debug\link-cvtres.read.1.tlog
D:\mini_hammer-master\mini_hammer-master\mini_hammer\mini_hammer\Debug\link-cvtres.write.1.tlog
D:\MINI_HAMMER-MASTER\MINI_HAMMER-MASTER\MINI_HAMMER\MINI_HAMMER\DEBUG\MAINFRM.OBJ
D:\MINI_HAMMER-MASTER\MINI_HAMMER-MASTER\MINI_HAMMER\MINI_HAMMER\DEBUG\MINI_HAMMER.EXE.EMBED.MANIFEST
D:\MINI_HAMMER-MASTER\MINI_HAMMER-MASTER\MINI_HAMMER\MINI_HAMMER\DEBUG\MINI_HAMMER.EXE.EMBED.MANIFEST.RES
D:\MINI_HAMMER-MASTER\MINI_HAMMER-MASTER\MINI_HAMMER\MINI_HAMMER\DEBUG\MINI_HAMMER.EXE.INTERMEDIATE.MANIFEST
D:\MINI_HAMMER-MASTER\MINI_HAMMER-MASTER\MINI_HAMMER\MINI_HAMMER\DEBUG\MINI_HAMMER.OBJ
D:\MINI_HAMMER-MASTER\MINI_HAMMER-MASTER\MINI_HAMMER\MINI_HAMMER\DEBUG\MINI_HAMMER.PCH
D:\MINI_HAMMER-MASTER\MINI_HAMMER-MASTER\MINI_HAMMER\MINI_HAMMER\DEBUG\MINI_HAMMER.RES
D:\mini_hammer-master\mini_hammer-master\mini_hammer\mini_hammer\Debug\mini_hammer.vcxprojResolveAssemblyReference.cache
D:\mini_hammer-master\mini_hammer-master\mini_hammer\mini_hammer\Debug\mini_hammer.write.1.tlog
D:\mini_hammer-master\mini_hammer-master\mini_hammer\mini_hammer\Debug\mini_hammer_manifest.rc
D:\MINI_HAMMER-MASTER\MINI_HAMMER-MASTER\MINI_HAMMER\MINI_HAMMER\DEBUG\MINI_HAMMERDOC.OBJ
D:\MINI_HAMMER-MASTER\MINI_HAMMER-MASTER\MINI_HAMMER\MINI_HAMMER\DEBUG\MINI_HAMMERVIEW.OBJ
D:\mini_hammer-master\mini_hammer-master\mini_hammer\mini_hammer\Debug\mt.command.1.tlog
D:\mini_hammer-master\mini_hammer-master\mini_hammer\mini_hammer\Debug\mt.read.1.tlog
D:\mini_hammer-master\mini_hammer-master\mini_hammer\mini_hammer\Debug\mt.write.1.tlog
D:\mini_hammer-master\mini_hammer-master\mini_hammer\mini_hammer\Debug\rc.command.1.tlog
D:\mini_hammer-master\mini_hammer-master\mini_hammer\mini_hammer\Debug\rc.read.1.tlog
D:\mini_hammer-master\mini_hammer-master\mini_hammer\mini_hammer\Debug\rc.write.1.tlog
D:\MINI_HAMMER-MASTER\MINI_HAMMER-MASTER\MINI_HAMMER\MINI_HAMMER\DEBUG\SPRITE3D.OBJ
D:\MINI_HAMMER-MASTER\MINI_HAMMER-MASTER\MINI_HAMMER\MINI_HAMMER\DEBUG\STDAFX.OBJ
D:\mini_hammer-master\mini_hammer-master\mini_hammer\mini_hammer\Debug\vc100.idb
D:\MINI_HAMMER-MASTER\MINI_HAMMER-MASTER\MINI_HAMMER\MINI_HAMMER\DEBUG\VC100.PDB
